[43340:77948:0104/212121.027:INFO:CONSOLE(1)] "Setting up Sentry Remote Error Reporting for 'production': SENTRY_DSN", source: chrome-extension://nkbihfbeogaeaoehlefnkodbefgpgknn/sentry-install.js (1)
[43340:77948:0104/212121.049:INFO:CONSOLE(0)] "Slow network is detected. See https://www.chromestatus.com/feature/5636954674692096 for more details. Fallback font will be used while loading: chrome://resources/roboto/roboto-regular.woff2", source: chrome://new-tab-page/ (0)
[43340:77948:0104/212121.092:INFO:CONSOLE(1)] "Removing intrinsics.Object.hasOwn", source: chrome-extension://nkbihfbeogaeaoehlefnkodbefgpgknn/sentry-install.js (1)
[43340:77948:0104/212121.094:INFO:CONSOLE(1)] "Removing intrinsics.%ArrayPrototype%.findLast", source: chrome-extension://nkbihfbeogaeaoehlefnkodbefgpgknn/sentry-install.js (1)
[43340:77948:0104/212121.095:INFO:CONSOLE(1)] "Removing intrinsics.%ArrayPrototype%.findLastIndex", source: chrome-extension://nkbihfbeogaeaoehlefnkodbefgpgknn/sentry-install.js (1)
[43340:77948:0104/212121.095:INFO:CONSOLE(1)] "Removing intrinsics.%ArrayPrototype%.@@unscopables.findLast", source: chrome-extension://nkbihfbeogaeaoehlefnkodbefgpgknn/sentry-install.js (1)
[43340:77948:0104/212121.095:INFO:CONSOLE(1)] "Removing intrinsics.%ArrayPrototype%.@@unscopables.findLastIndex", source: chrome-extension://nkbihfbeogaeaoehlefnkodbefgpgknn/sentry-install.js (1)
[43340:77948:0104/212121.096:INFO:CONSOLE(1)] "Removing intrinsics.%TypedArrayPrototype%.findLast", source: chrome-extension://nkbihfbeogaeaoehlefnkodbefgpgknn/sentry-install.js (1)
[43340:77948:0104/212121.096:INFO:CONSOLE(1)] "Removing intrinsics.%TypedArrayPrototype%.findLastIndex", source: chrome-extension://nkbihfbeogaeaoehlefnkodbefgpgknn/sentry-install.js (1)
[43340:77948:0104/212121.876:INFO:CONSOLE(1)] "missing dep: ethjs>ethjs-unit>bn.js requested buffer", source: chrome-extension://nkbihfbeogaeaoehlefnkodbefgpgknn/sentry-install.js (1)
[43340:77948:0104/212121.887:INFO:CONSOLE(1)] "missing dep: ethjs>number-to-bn>bn.js requested buffer", source: chrome-extension://nkbihfbeogaeaoehlefnkodbefgpgknn/sentry-install.js (1)
[43340:77948:0104/212121.948:INFO:CONSOLE(1)] "LavaMoat: ignoring write attempt to read-access global "XMLHttpRequest"", source: chrome-extension://nkbihfbeogaeaoehlefnkodbefgpgknn/sentry-install.js (1)
[43340:77948:0104/212122.162:INFO:CONSOLE(1)] "missing dep: @metamask/controllers>eth-method-registry>ethjs>bn.js requested buffer", source: chrome-extension://nkbihfbeogaeaoehlefnkodbefgpgknn/sentry-install.js (1)
[43340:77948:0104/212122.180:INFO:CONSOLE(0)] "Slow network is detected. See https://www.chromestatus.com/feature/5636954674692096 for more details. Fallback font will be used while loading: chrome://resources/roboto/roboto-medium.woff2", source: chrome://new-tab-page/ (0)
[43340:77948:0104/212122.183:INFO:CONSOLE(1)] "WARNING: Missing strong random number source", source: chrome-extension://nkbihfbeogaeaoehlefnkodbefgpgknn/sentry-install.js (1)
[43340:77948:0104/212122.302:INFO:CONSOLE(1)] "missing dep: ethjs-contract>ethjs-abi>bn.js requested buffer", source: chrome-extension://nkbihfbeogaeaoehlefnkodbefgpgknn/sentry-install.js (1)
[43340:77948:0104/212122.307:INFO:CONSOLE(1)] "missing dep: ethjs>bn.js requested buffer", source: chrome-extension://nkbihfbeogaeaoehlefnkodbefgpgknn/sentry-install.js (1)
[43340:77948:0104/212122.503:INFO:CONSOLE(1)] "WARNING: Missing strong random number source", source: chrome-extension://nkbihfbeogaeaoehlefnkodbefgpgknn/sentry-install.js (1)
[43340:77948:0104/212122.878:INFO:CONSOLE(0)] "Error with Permissions-Policy header: Origin trial controlled feature not enabled: 'interest-cohort'.", source:  (0)
[43340:77948:0104/212122.938:INFO:CONSOLE(1)] "Removing intrinsics.Object.hasOwn", source: https://metamask.github.io/phishing-warning/v1.2.1/lockdown-install.js?__WB_REVISION__=0a1030c97ecbe0e2b00f0d86b2ed0bf9 (1)
[43340:77948:0104/212122.939:INFO:CONSOLE(1)] "Removing intrinsics.%ArrayPrototype%.findLast", source: https://metamask.github.io/phishing-warning/v1.2.1/lockdown-install.js?__WB_REVISION__=0a1030c97ecbe0e2b00f0d86b2ed0bf9 (1)
[43340:77948:0104/212122.939:INFO:CONSOLE(1)] "Removing intrinsics.%ArrayPrototype%.findLastIndex", source: https://metamask.github.io/phishing-warning/v1.2.1/lockdown-install.js?__WB_REVISION__=0a1030c97ecbe0e2b00f0d86b2ed0bf9 (1)
[43340:77948:0104/212122.939:INFO:CONSOLE(1)] "Removing intrinsics.%ArrayPrototype%.@@unscopables.findLast", source: https://metamask.github.io/phishing-warning/v1.2.1/lockdown-install.js?__WB_REVISION__=0a1030c97ecbe0e2b00f0d86b2ed0bf9 (1)
[43340:77948:0104/212122.939:INFO:CONSOLE(1)] "Removing intrinsics.%ArrayPrototype%.@@unscopables.findLastIndex", source: https://metamask.github.io/phishing-warning/v1.2.1/lockdown-install.js?__WB_REVISION__=0a1030c97ecbe0e2b00f0d86b2ed0bf9 (1)
[43340:77948:0104/212122.939:INFO:CONSOLE(1)] "Removing intrinsics.%StringPrototype%.at", source: https://metamask.github.io/phishing-warning/v1.2.1/lockdown-install.js?__WB_REVISION__=0a1030c97ecbe0e2b00f0d86b2ed0bf9 (1)
[43340:77948:0104/212122.940:INFO:CONSOLE(1)] "Removing intrinsics.%TypedArrayPrototype%.findLast", source: https://metamask.github.io/phishing-warning/v1.2.1/lockdown-install.js?__WB_REVISION__=0a1030c97ecbe0e2b00f0d86b2ed0bf9 (1)
[43340:77948:0104/212122.940:INFO:CONSOLE(1)] "Removing intrinsics.%TypedArrayPrototype%.findLastIndex", source: https://metamask.github.io/phishing-warning/v1.2.1/lockdown-install.js?__WB_REVISION__=0a1030c97ecbe0e2b00f0d86b2ed0bf9 (1)
[43340:77948:0104/212123.940:ERROR:device_event_log_impl.cc(215)] [21:21:23.940] Bluetooth: bluetooth_adapter_winrt.cc:1074 Getting Default Adapter failed.
[43340:73372:0104/212220.901:ERROR:util.cc(133)] Can't create base directory: C:\Program Files\Google\GoogleUpdater
